<?xml version="1.0" encoding="UTF-8"?>
<testsuite xmlns:xsi="http://www.w3.org/2001/XMLSchema-instance" xsi:noNamespaceSchemaLocation="https://maven.apache.org/surefire/maven-surefire-plugin/xsd/surefire-test-report-3.0.xsd" version="3.0" name="TestSuite" time="45.422" tests="4" errors="0" skipped="0" failures="0">
  <properties>
    <property name="java.specification.version" value="17"/>
    <property name="webdriver.chrome.driver" value="/Users/harneetkaur/eclipse-workspace/TestNGFramework/mydriver/chromedriver"/>
    <property name="sun.jnu.encoding" value="UTF-8"/>
    <property name="java.class.path" value="/Users/harneetkaur/eclipse-workspace/TestNGFramework/target/test-classes:/Users/harneetkaur/eclipse-workspace/TestNGFramework/target/classes:/Users/harneetkaur/.m2/repository/com/training/maven/maventraining/0.0.1-SNAPSHOT/maventraining-0.0.1-SNAPSHOT.jar:/Users/harneetkaur/.m2/repository/org/seleniumhq/selenium/selenium-server/3.141.59/selenium-server-3.141.59.jar:/Users/harneetkaur/.m2/repository/org/seleniumhq/selenium/selenium-java/3.141.59/selenium-java-3.141.59.jar:/Users/harneetkaur/.m2/repository/org/seleniumhq/selenium/selenium-api/3.141.59/selenium-api-3.141.59.jar:/Users/harneetkaur/.m2/repository/org/seleniumhq/selenium/selenium-chrome-driver/3.141.59/selenium-chrome-driver-3.141.59.jar:/Users/harneetkaur/.m2/repository/org/seleniumhq/selenium/selenium-edge-driver/3.141.59/selenium-edge-driver-3.141.59.jar:/Users/harneetkaur/.m2/repository/org/seleniumhq/selenium/selenium-firefox-driver/3.141.59/selenium-firefox-driver-3.141.59.jar:/Users/harneetkaur/.m2/repository/org/seleniumhq/selenium/selenium-ie-driver/3.141.59/selenium-ie-driver-3.141.59.jar:/Users/harneetkaur/.m2/repository/org/seleniumhq/selenium/selenium-opera-driver/3.141.59/selenium-opera-driver-3.141.59.jar:/Users/harneetkaur/.m2/repository/org/seleniumhq/selenium/selenium-remote-driver/3.141.59/selenium-remote-driver-3.141.59.jar:/Users/harneetkaur/.m2/repository/org/seleniumhq/selenium/selenium-safari-driver/3.141.59/selenium-safari-driver-3.141.59.jar:/Users/harneetkaur/.m2/repository/org/seleniumhq/selenium/selenium-support/3.141.59/selenium-support-3.141.59.jar:/Users/harneetkaur/.m2/repository/com/beust/jcommander/1.72/jcommander-1.72.jar:/Users/harneetkaur/.m2/repository/net/bytebuddy/byte-buddy/1.8.15/byte-buddy-1.8.15.jar:/Users/harneetkaur/.m2/repository/org/apache/commons/commons-exec/1.3/commons-exec-1.3.jar:/Users/harneetkaur/.m2/repository/com/google/guava/guava/25.0-jre/guava-25.0-jre.jar:/Users/harneetkaur/.m2/repository/org/checkerframework/checker-compat-qual/2.0.0/checker-compat-qual-2.0.0.jar:/Users/harneetkaur/.m2/repository/com/google/errorprone/error_prone_annotations/2.1.3/error_prone_annotations-2.1.3.jar:/Users/harneetkaur/.m2/repository/com/google/j2objc/j2objc-annotations/1.1/j2objc-annotations-1.1.jar:/Users/harneetkaur/.m2/repository/org/codehaus/mojo/animal-sniffer-annotations/1.14/animal-sniffer-annotations-1.14.jar:/Users/harneetkaur/.m2/repository/net/jcip/jcip-annotations/1.0/jcip-annotations-1.0.jar:/Users/harneetkaur/.m2/repository/org/seleniumhq/selenium/jetty-repacked/9.4.12.v20180830/jetty-repacked-9.4.12.v20180830.jar:/Users/harneetkaur/.m2/repository/com/squareup/okhttp3/okhttp/3.11.0/okhttp-3.11.0.jar:/Users/harneetkaur/.m2/repository/com/squareup/okio/okio/1.14.0/okio-1.14.0.jar:/Users/harneetkaur/.m2/repository/javax/servlet/javax.servlet-api/3.1.0/javax.servlet-api-3.1.0.jar:/Users/harneetkaur/.m2/repository/org/yaml/snakeyaml/1.19/snakeyaml-1.19.jar:/Users/harneetkaur/.m2/repository/org/apache/poi/poi/3.17/poi-3.17.jar:/Users/harneetkaur/.m2/repository/commons-codec/commons-codec/1.10/commons-codec-1.10.jar:/Users/harneetkaur/.m2/repository/org/apache/commons/commons-collections4/4.1/commons-collections4-4.1.jar:/Users/harneetkaur/.m2/repository/org/apache/poi/poi-ooxml/3.17/poi-ooxml-3.17.jar:/Users/harneetkaur/.m2/repository/org/apache/poi/poi-ooxml-schemas/3.17/poi-ooxml-schemas-3.17.jar:/Users/harneetkaur/.m2/repository/org/apache/xmlbeans/xmlbeans/2.6.0/xmlbeans-2.6.0.jar:/Users/harneetkaur/.m2/repository/stax/stax-api/1.0.1/stax-api-1.0.1.jar:/Users/harneetkaur/.m2/repository/com/github/virtuald/curvesapi/1.04/curvesapi-1.04.jar:/Users/harneetkaur/.m2/repository/io/github/bonigarcia/webdrivermanager/5.4.1/webdrivermanager-5.4.1.jar:/Users/harneetkaur/.m2/repository/org/slf4j/slf4j-api/2.0.7/slf4j-api-2.0.7.jar:/Users/harneetkaur/.m2/repository/com/google/code/gson/gson/2.10.1/gson-2.10.1.jar:/Users/harneetkaur/.m2/repository/com/github/docker-java/docker-java/3.3.2/docker-java-3.3.2.jar:/Users/harneetkaur/.m2/repository/com/github/docker-java/docker-java-core/3.3.2/docker-java-core-3.3.2.jar:/Users/harneetkaur/.m2/repository/com/github/docker-java/docker-java-api/3.3.2/docker-java-api-3.3.2.jar:/Users/harneetkaur/.m2/repository/com/fasterxml/jackson/core/jackson-annotations/2.10.3/jackson-annotations-2.10.3.jar:/Users/harneetkaur/.m2/repository/commons-io/commons-io/2.6/commons-io-2.6.jar:/Users/harneetkaur/.m2/repository/org/apache/commons/commons-compress/1.21/commons-compress-1.21.jar:/Users/harneetkaur/.m2/repository/com/fasterxml/jackson/core/jackson-databind/2.10.3/jackson-databind-2.10.3.jar:/Users/harneetkaur/.m2/repository/com/fasterxml/jackson/core/jackson-core/2.10.3/jackson-core-2.10.3.jar:/Users/harneetkaur/.m2/repository/org/bouncycastle/bcpkix-jdk15on/1.64/bcpkix-jdk15on-1.64.jar:/Users/harneetkaur/.m2/repository/org/bouncycastle/bcprov-jdk15on/1.64/bcprov-jdk15on-1.64.jar:/Users/harneetkaur/.m2/repository/org/slf4j/jcl-over-slf4j/1.7.30/jcl-over-slf4j-1.7.30.jar:/Users/harneetkaur/.m2/repository/com/github/docker-java/docker-java-transport-httpclient5/3.3.2/docker-java-transport-httpclient5-3.3.2.jar:/Users/harneetkaur/.m2/repository/com/github/docker-java/docker-java-transport/3.3.2/docker-java-transport-3.3.2.jar:/Users/harneetkaur/.m2/repository/net/java/dev/jna/jna/5.12.1/jna-5.12.1.jar:/Users/harneetkaur/.m2/repository/org/brotli/dec/0.1.2/dec-0.1.2.jar:/Users/harneetkaur/.m2/repository/org/apache/commons/commons-lang3/3.12.0/commons-lang3-3.12.0.jar:/Users/harneetkaur/.m2/repository/org/apache/httpcomponents/client5/httpclient5/5.2.1/httpclient5-5.2.1.jar:/Users/harneetkaur/.m2/repository/org/apache/httpcomponents/core5/httpcore5/5.2/httpcore5-5.2.jar:/Users/harneetkaur/.m2/repository/org/apache/httpcomponents/core5/httpcore5-h2/5.2/httpcore5-h2-5.2.jar:/Users/harneetkaur/.m2/repository/org/testng/testng/7.5/testng-7.5.jar:/Users/harneetkaur/.m2/repository/com/google/code/findbugs/jsr305/3.0.1/jsr305-3.0.1.jar:/Users/harneetkaur/.m2/repository/org/webjars/jquery/3.5.1/jquery-3.5.1.jar:/Users/harneetkaur/.m2/repository/com/aventstack/extentreports/3.0.0/extentreports-3.0.0.jar:/Users/harneetkaur/.m2/repository/org/freemarker/freemarker/2.3.23/freemarker-2.3.23.jar:/Users/harneetkaur/.m2/repository/org/mongodb/mongodb-driver/3.3.0/mongodb-driver-3.3.0.jar:/Users/harneetkaur/.m2/repository/org/mongodb/bson/3.3.0/bson-3.3.0.jar:/Users/harneetkaur/.m2/repository/org/mongodb/mongodb-driver-core/3.3.0/mongodb-driver-core-3.3.0.jar:/Users/harneetkaur/.m2/repository/org/apache/httpcomponents/httpclient/4.5.2/httpclient-4.5.2.jar:/Users/harneetkaur/.m2/repository/org/apache/httpcomponents/httpcore/4.4.4/httpcore-4.4.4.jar:/Users/harneetkaur/.m2/repository/commons-logging/commons-logging/1.2/commons-logging-1.2.jar:/Users/harneetkaur/.m2/repository/org/apache/httpcomponents/httpmime/4.5.2/httpmime-4.5.2.jar:/Users/harneetkaur/.m2/repository/log4j/log4j/1.2.17/log4j-1.2.17.jar:"/>
    <property name="java.vm.vendor" value="Eclipse Adoptium"/>
    <property name="sun.arch.data.model" value="64"/>
    <property name="java.vendor.url" value="https://adoptium.net/"/>
    <property name="user.timezone" value="America/New_York"/>
    <property name="os.name" value="Mac OS X"/>
    <property name="java.vm.specification.version" value="17"/>
    <property name="sun.java.launcher" value="SUN_STANDARD"/>
    <property name="user.country" value="US"/>
    <property name="sun.boot.library.path" value="/Users/harneetkaur/.p2/pool/plugins/org.eclipse.justj.openjdk.hotspot.jre.full.macosx.x86_64_17.0.5.v20221102-0933/jre/lib"/>
    <property name="sun.java.command" value="/Users/harneetkaur/eclipse-workspace/TestNGFramework/target/surefire/surefirebooter-20240412112340487_3.jar /Users/harneetkaur/eclipse-workspace/TestNGFramework/target/surefire 2024-04-12T11-23-40_342-jvmRun1 surefire-20240412112340487_1tmp surefire_0-20240412112340487_2tmp"/>
    <property name="http.nonProxyHosts" value="local|*.local|169.254/16|*.169.254/16"/>
    <property name="jdk.debug" value="release"/>
    <property name="surefire.test.class.path" value="/Users/harneetkaur/eclipse-workspace/TestNGFramework/target/test-classes:/Users/harneetkaur/eclipse-workspace/TestNGFramework/target/classes:/Users/harneetkaur/.m2/repository/com/training/maven/maventraining/0.0.1-SNAPSHOT/maventraining-0.0.1-SNAPSHOT.jar:/Users/harneetkaur/.m2/repository/org/seleniumhq/selenium/selenium-server/3.141.59/selenium-server-3.141.59.jar:/Users/harneetkaur/.m2/repository/org/seleniumhq/selenium/selenium-java/3.141.59/selenium-java-3.141.59.jar:/Users/harneetkaur/.m2/repository/org/seleniumhq/selenium/selenium-api/3.141.59/selenium-api-3.141.59.jar:/Users/harneetkaur/.m2/repository/org/seleniumhq/selenium/selenium-chrome-driver/3.141.59/selenium-chrome-driver-3.141.59.jar:/Users/harneetkaur/.m2/repository/org/seleniumhq/selenium/selenium-edge-driver/3.141.59/selenium-edge-driver-3.141.59.jar:/Users/harneetkaur/.m2/repository/org/seleniumhq/selenium/selenium-firefox-driver/3.141.59/selenium-firefox-driver-3.141.59.jar:/Users/harneetkaur/.m2/repository/org/seleniumhq/selenium/selenium-ie-driver/3.141.59/selenium-ie-driver-3.141.59.jar:/Users/harneetkaur/.m2/repository/org/seleniumhq/selenium/selenium-opera-driver/3.141.59/selenium-opera-driver-3.141.59.jar:/Users/harneetkaur/.m2/repository/org/seleniumhq/selenium/selenium-remote-driver/3.141.59/selenium-remote-driver-3.141.59.jar:/Users/harneetkaur/.m2/repository/org/seleniumhq/selenium/selenium-safari-driver/3.141.59/selenium-safari-driver-3.141.59.jar:/Users/harneetkaur/.m2/repository/org/seleniumhq/selenium/selenium-support/3.141.59/selenium-support-3.141.59.jar:/Users/harneetkaur/.m2/repository/com/beust/jcommander/1.72/jcommander-1.72.jar:/Users/harneetkaur/.m2/repository/net/bytebuddy/byte-buddy/1.8.15/byte-buddy-1.8.15.jar:/Users/harneetkaur/.m2/repository/org/apache/commons/commons-exec/1.3/commons-exec-1.3.jar:/Users/harneetkaur/.m2/repository/com/google/guava/guava/25.0-jre/guava-25.0-jre.jar:/Users/harneetkaur/.m2/repository/org/checkerframework/checker-compat-qual/2.0.0/checker-compat-qual-2.0.0.jar:/Users/harneetkaur/.m2/repository/com/google/errorprone/error_prone_annotations/2.1.3/error_prone_annotations-2.1.3.jar:/Users/harneetkaur/.m2/repository/com/google/j2objc/j2objc-annotations/1.1/j2objc-annotations-1.1.jar:/Users/harneetkaur/.m2/repository/org/codehaus/mojo/animal-sniffer-annotations/1.14/animal-sniffer-annotations-1.14.jar:/Users/harneetkaur/.m2/repository/net/jcip/jcip-annotations/1.0/jcip-annotations-1.0.jar:/Users/harneetkaur/.m2/repository/org/seleniumhq/selenium/jetty-repacked/9.4.12.v20180830/jetty-repacked-9.4.12.v20180830.jar:/Users/harneetkaur/.m2/repository/com/squareup/okhttp3/okhttp/3.11.0/okhttp-3.11.0.jar:/Users/harneetkaur/.m2/repository/com/squareup/okio/okio/1.14.0/okio-1.14.0.jar:/Users/harneetkaur/.m2/repository/javax/servlet/javax.servlet-api/3.1.0/javax.servlet-api-3.1.0.jar:/Users/harneetkaur/.m2/repository/org/yaml/snakeyaml/1.19/snakeyaml-1.19.jar:/Users/harneetkaur/.m2/repository/org/apache/poi/poi/3.17/poi-3.17.jar:/Users/harneetkaur/.m2/repository/commons-codec/commons-codec/1.10/commons-codec-1.10.jar:/Users/harneetkaur/.m2/repository/org/apache/commons/commons-collections4/4.1/commons-collections4-4.1.jar:/Users/harneetkaur/.m2/repository/org/apache/poi/poi-ooxml/3.17/poi-ooxml-3.17.jar:/Users/harneetkaur/.m2/repository/org/apache/poi/poi-ooxml-schemas/3.17/poi-ooxml-schemas-3.17.jar:/Users/harneetkaur/.m2/repository/org/apache/xmlbeans/xmlbeans/2.6.0/xmlbeans-2.6.0.jar:/Users/harneetkaur/.m2/repository/stax/stax-api/1.0.1/stax-api-1.0.1.jar:/Users/harneetkaur/.m2/repository/com/github/virtuald/curvesapi/1.04/curvesapi-1.04.jar:/Users/harneetkaur/.m2/repository/io/github/bonigarcia/webdrivermanager/5.4.1/webdrivermanager-5.4.1.jar:/Users/harneetkaur/.m2/repository/org/slf4j/slf4j-api/2.0.7/slf4j-api-2.0.7.jar:/Users/harneetkaur/.m2/repository/com/google/code/gson/gson/2.10.1/gson-2.10.1.jar:/Users/harneetkaur/.m2/repository/com/github/docker-java/docker-java/3.3.2/docker-java-3.3.2.jar:/Users/harneetkaur/.m2/repository/com/github/docker-java/docker-java-core/3.3.2/docker-java-core-3.3.2.jar:/Users/harneetkaur/.m2/repository/com/github/docker-java/docker-java-api/3.3.2/docker-java-api-3.3.2.jar:/Users/harneetkaur/.m2/repository/com/fasterxml/jackson/core/jackson-annotations/2.10.3/jackson-annotations-2.10.3.jar:/Users/harneetkaur/.m2/repository/commons-io/commons-io/2.6/commons-io-2.6.jar:/Users/harneetkaur/.m2/repository/org/apache/commons/commons-compress/1.21/commons-compress-1.21.jar:/Users/harneetkaur/.m2/repository/com/fasterxml/jackson/core/jackson-databind/2.10.3/jackson-databind-2.10.3.jar:/Users/harneetkaur/.m2/repository/com/fasterxml/jackson/core/jackson-core/2.10.3/jackson-core-2.10.3.jar:/Users/harneetkaur/.m2/repository/org/bouncycastle/bcpkix-jdk15on/1.64/bcpkix-jdk15on-1.64.jar:/Users/harneetkaur/.m2/repository/org/bouncycastle/bcprov-jdk15on/1.64/bcprov-jdk15on-1.64.jar:/Users/harneetkaur/.m2/repository/org/slf4j/jcl-over-slf4j/1.7.30/jcl-over-slf4j-1.7.30.jar:/Users/harneetkaur/.m2/repository/com/github/docker-java/docker-java-transport-httpclient5/3.3.2/docker-java-transport-httpclient5-3.3.2.jar:/Users/harneetkaur/.m2/repository/com/github/docker-java/docker-java-transport/3.3.2/docker-java-transport-3.3.2.jar:/Users/harneetkaur/.m2/repository/net/java/dev/jna/jna/5.12.1/jna-5.12.1.jar:/Users/harneetkaur/.m2/repository/org/brotli/dec/0.1.2/dec-0.1.2.jar:/Users/harneetkaur/.m2/repository/org/apache/commons/commons-lang3/3.12.0/commons-lang3-3.12.0.jar:/Users/harneetkaur/.m2/repository/org/apache/httpcomponents/client5/httpclient5/5.2.1/httpclient5-5.2.1.jar:/Users/harneetkaur/.m2/repository/org/apache/httpcomponents/core5/httpcore5/5.2/httpcore5-5.2.jar:/Users/harneetkaur/.m2/repository/org/apache/httpcomponents/core5/httpcore5-h2/5.2/httpcore5-h2-5.2.jar:/Users/harneetkaur/.m2/repository/org/testng/testng/7.5/testng-7.5.jar:/Users/harneetkaur/.m2/repository/com/google/code/findbugs/jsr305/3.0.1/jsr305-3.0.1.jar:/Users/harneetkaur/.m2/repository/org/webjars/jquery/3.5.1/jquery-3.5.1.jar:/Users/harneetkaur/.m2/repository/com/aventstack/extentreports/3.0.0/extentreports-3.0.0.jar:/Users/harneetkaur/.m2/repository/org/freemarker/freemarker/2.3.23/freemarker-2.3.23.jar:/Users/harneetkaur/.m2/repository/org/mongodb/mongodb-driver/3.3.0/mongodb-driver-3.3.0.jar:/Users/harneetkaur/.m2/repository/org/mongodb/bson/3.3.0/bson-3.3.0.jar:/Users/harneetkaur/.m2/repository/org/mongodb/mongodb-driver-core/3.3.0/mongodb-driver-core-3.3.0.jar:/Users/harneetkaur/.m2/repository/org/apache/httpcomponents/httpclient/4.5.2/httpclient-4.5.2.jar:/Users/harneetkaur/.m2/repository/org/apache/httpcomponents/httpcore/4.4.4/httpcore-4.4.4.jar:/Users/harneetkaur/.m2/repository/commons-logging/commons-logging/1.2/commons-logging-1.2.jar:/Users/harneetkaur/.m2/repository/org/apache/httpcomponents/httpmime/4.5.2/httpmime-4.5.2.jar:/Users/harneetkaur/.m2/repository/log4j/log4j/1.2.17/log4j-1.2.17.jar:"/>
    <property name="sun.cpu.endian" value="little"/>
    <property name="user.home" value="/Users/harneetkaur"/>
    <property name="user.language" value="en"/>
    <property name="java.specification.vendor" value="Oracle Corporation"/>
    <property name="java.version.date" value="2022-10-18"/>
    <property name="java.home" value="/Users/harneetkaur/.p2/pool/plugins/org.eclipse.justj.openjdk.hotspot.jre.full.macosx.x86_64_17.0.5.v20221102-0933/jre"/>
    <property name="file.separator" value="/"/>
    <property name="style.color" value="always"/>
    <property name="basedir" value="/Users/harneetkaur/eclipse-workspace/TestNGFramework"/>
    <property name="java.vm.compressedOopsMode" value="Zero based"/>
    <property name="line.separator" value="&#10;"/>
    <property name="java.vm.specification.vendor" value="Oracle Corporation"/>
    <property name="java.specification.name" value="Java Platform API Specification"/>
    <property name="surefire.real.class.path" value="/Users/harneetkaur/eclipse-workspace/TestNGFramework/target/surefire/surefirebooter-20240412112340487_3.jar"/>
    <property name="sun.management.compiler" value="HotSpot 64-Bit Tiered Compilers"/>
    <property name="ftp.nonProxyHosts" value="local|*.local|169.254/16|*.169.254/16"/>
    <property name="java.runtime.version" value="17.0.5+8"/>
    <property name="user.name" value="harneetkaur"/>
    <property name="path.separator" value=":"/>
    <property name="os.version" value="14.4.1"/>
    <property name="java.runtime.name" value="OpenJDK Runtime Environment"/>
    <property name="file.encoding" value="UTF-8"/>
    <property name="java.vm.name" value="OpenJDK 64-Bit Server VM"/>
    <property name="java.vendor.version" value="Temurin-17.0.5+8"/>
    <property name="localRepository" value="/Users/harneetkaur/.m2/repository"/>
    <property name="java.vendor.url.bug" value="https://github.com/adoptium/adoptium-support/issues"/>
    <property name="java.io.tmpdir" value="/var/folders/l6/6wms2f053xnf6tg9y1d_07c00000gn/T/"/>
    <property name="java.version" value="17.0.5"/>
    <property name="user.dir" value="/Users/harneetkaur/eclipse-workspace/TestNGFramework"/>
    <property name="os.arch" value="x86_64"/>
    <property name="webdriver.gecko.driver" value="/Users/harneetkaur/.cache/selenium/geckodriver/mac64/0.33.0/geckodriver"/>
    <property name="java.vm.specification.name" value="Java Virtual Machine Specification"/>
    <property name="native.encoding" value="UTF-8"/>
    <property name="java.library.path" value="/Users/harneetkaur/Library/Java/Extensions:/Library/Java/Extensions:/Network/Library/Java/Extensions:/System/Library/Java/Extensions:/usr/lib/java:."/>
    <property name="java.vm.info" value="mixed mode"/>
    <property name="java.vendor" value="Eclipse Adoptium"/>
    <property name="java.vm.version" value="17.0.5+8"/>
    <property name="sun.io.unicode.encoding" value="UnicodeBig"/>
    <property name="socksNonProxyHosts" value="local|*.local|169.254/16|*.169.254/16"/>
    <property name="java.class.version" value="61.0"/>
  </properties>
  <testcase name="login" classname="com.training.testcases.LoginTest" time="1.547">
    <system-out><![CDATA[*** Test Suite ChromeTest started ***
*** Test Suite FirefoxTest started ***
2024-04-12 11:24:03 INFO  Log:17 - ****************           -S-T-A-R-T-TestCheck1       ****************
*** Running test method login...
Directory already exists: /Users/harneetkaur/eclipse-workspace/TestNGFramework/ExtentReport
2024-04-12 11:24:03 INFO  Log:31 - I am Logging in....
2024-04-12 11:24:04 INFO  Log:31 - Now,I am logged in
*** Executed login test successfully...
]]></system-out>
    <system-err><![CDATA[SLF4J: No SLF4J providers were found.
SLF4J: Defaulting to no-operation (NOP) logger implementation
SLF4J: See https://www.slf4j.org/codes.html#noProviders for further details.
Starting ChromeDriver 123.0.6312.58 (6b4b19e9dfbb93aa414dc045bd445287977d8d7a-refs/branch-heads/6312_46@{#3}) on port 16700
Only local connections are allowed.
Please see https://chromedriver.chromium.org/security-considerations for suggestions on keeping ChromeDriver safe.
ChromeDriver was started successfully.
1712935440109	geckodriver	INFO	Listening on 127.0.0.1:47626
1712935440149	mozrunner::runner	INFO	Running command: MOZ_CRASHREPORTER="1" MOZ_CRASHREPORTER_NO_REPORT="1" MOZ_CRASHREPORTER_SHUTDOWN="1" MOZ_NO_REMOTE="1" "/App ... "--marionette" "-foreground" "-no-remote" "-profile" "/var/folders/l6/6wms2f053xnf6tg9y1d_07c00000gn/T/rust_mozprofileL9pTMp"
console.warn: services.settings: Ignoring preference override of remote settings server
console.warn: services.settings: Allow by setting MOZ_REMOTE_SETTINGS_DEVTOOLS=1 in the environment
2024-04-12 11:24:00.533 firefox-bin[35828:1612805] WARNING: Secure coding is not enabled for restorable state! Enable secure coding by implementing NSApplicationDelegate.applicationSupportsSecureRestorableState: and returning YES.
1712935440824	Marionette	INFO	Marionette enabled
1712935441149	Marionette	INFO	Listening on port 59287
Read port: 59287
1712935441354	RemoteAgent	WARN	TLS certificate errors will be ignored for this session
Apr 12, 2024 11:24:02 AM org.openqa.selenium.remote.ProtocolHandshake createSession
INFO: Detected dialect: W3C
console.warn: LoginRecipes: "Falling back to a synchronous message for: https://selenium-prd.firebaseapp.com."
]]></system-err>
  </testcase>
  <testcase name="login" classname="com.training.testcases.LoginTest" time="1.885">
    <system-out><![CDATA[*** Test Suite FirefoxTest ending ***
2024-04-12 11:24:16 INFO  Log:17 - ****************           -S-T-A-R-T-TestCheck1       ****************
*** Running test method login...
2024-04-12 11:24:16 INFO  Log:31 - I am Logging in....
2024-04-12 11:24:17 INFO  Log:31 - Now,I am logged in
*** Executed login test successfully...
]]></system-out>
    <system-err><![CDATA[1712935450840	Marionette	INFO	Stopped listening on port 59429
JavaScript error: resource://services-settings/Utils.sys.mjs, line 229: TypeError: NetworkError: Network request failed
Apr 12, 2024 11:24:15 AM org.openqa.selenium.remote.ProtocolHandshake createSession
INFO: Detected dialect: W3C
]]></system-err>
  </testcase>
  <testcase name="loginandclickonhometab" classname="com.training.testcases.LoginTest" time="1.071">
    <system-out><![CDATA[2024-04-12 11:24:09 INFO  Log:17 - ****************           -S-T-A-R-T-TestCheck1       ****************
*** Running test method loginandclickonhometab...
*** Executed loginandclickonhometab test successfully...
]]></system-out>
    <system-err><![CDATA[1712935445298	Marionette	INFO	Stopped listening on port 59287
1712935446254	geckodriver	INFO	Listening on 127.0.0.1:5639
1712935446294	mozrunner::runner	INFO	Running command: MOZ_CRASHREPORTER="1" MOZ_CRASHREPORTER_NO_REPORT="1" MOZ_CRASHREPORTER_SHUTDOWN="1" MOZ_NO_REMOTE="1" "/App ... "--marionette" "-foreground" "-no-remote" "-profile" "/var/folders/l6/6wms2f053xnf6tg9y1d_07c00000gn/T/rust_mozprofileCNSyaW"
console.warn: services.settings: Ignoring preference override of remote settings server
console.warn: services.settings: Allow by setting MOZ_REMOTE_SETTINGS_DEVTOOLS=1 in the environment
1712935446744	Marionette	INFO	Marionette enabled
2024-04-12 11:24:06.964 firefox-bin[35846:1613575] WARNING: Secure coding is not enabled for restorable state! Enable secure coding by implementing NSApplicationDelegate.applicationSupportsSecureRestorableState: and returning YES.
1712935447077	Marionette	INFO	Listening on port 59429
Read port: 59429
1712935447229	RemoteAgent	WARN	TLS certificate errors will be ignored for this session
Apr 12, 2024 11:24:08 AM org.openqa.selenium.remote.ProtocolHandshake createSession
INFO: Detected dialect: W3C
console.warn: LoginRecipes: "Falling back to a synchronous message for: https://selenium-prd.firebaseapp.com."
]]></system-err>
  </testcase>
  <testcase name="loginandclickonhometab" classname="com.training.testcases.LoginTest" time="1.936">
    <system-out><![CDATA[2024-04-12 11:24:23 INFO  Log:17 - ****************           -S-T-A-R-T-TestCheck1       ****************
*** Running test method loginandclickonhometab...
*** Executed loginandclickonhometab test successfully...
]]></system-out>
    <system-err><![CDATA[Starting ChromeDriver 123.0.6312.58 (6b4b19e9dfbb93aa414dc045bd445287977d8d7a-refs/branch-heads/6312_46@{#3}) on port 29787
Only local connections are allowed.
Please see https://chromedriver.chromium.org/security-considerations for suggestions on keeping ChromeDriver safe.
ChromeDriver was started successfully.
Apr 12, 2024 11:24:23 AM org.openqa.selenium.remote.ProtocolHandshake createSession
INFO: Detected dialect: W3C
]]></system-err>
  </testcase>
</testsuite>