<?xml version="1.0" encoding="UTF-8"?>
<!-- Generated by org.testng.reporters.JUnitReportReporter -->
<testsuite hostname="Harneets-MacBook-Pro.local" failures="0" tests="6" name="com.training.testcases.LoginTest" time="11.049" errors="2" timestamp="2024-03-13T15:58:21 EDT" skipped="4">
  <testcase classname="com.training.testcases.LoginTest" name="login" time="0.000">
    <skipped/>
  </testcase> <!-- login -->
  <system-out/>
  <testcase classname="com.training.testcases.LoginTest" name="login" time="0.001">
    <skipped/>
  </testcase> <!-- login -->
  <system-out/>
  <testcase classname="com.training.testcases.LoginTest" name="loginandclickonhometab" time="0.000">
    <skipped/>
  </testcase> <!-- loginandclickonhometab -->
  <system-out/>
  <testcase classname="com.training.testcases.LoginTest" name="loginandclickonhometab" time="0.000">
    <skipped/>
  </testcase> <!-- loginandclickonhometab -->
  <system-out/>
  <testcase classname="com.training.testcases.LoginTest" name="beforemethod" time="3.937">
    <error message="&#039;void org.openqa.selenium.support.PageFactory.initElements(org.openqa.selenium.WebDriver, java.lang.Object)&#039;" type="java.lang.NoSuchMethodError">
      <![CDATA[java.lang.NoSuchMethodError: 'void org.openqa.selenium.support.PageFactory.initElements(org.openqa.selenium.WebDriver, java.lang.Object)'
at com.training.base.BasePage.<init>(BasePage.java:17)
at com.training.pages.LoginPage.<init>(LoginPage.java:14)
at com.training.testcases.LoginTest.beforemethod(LoginTest.java:37)
at java.base/jdk.internal.reflect.NativeMethodAccessorImpl.invoke0(Native Method)
at java.base/jdk.internal.reflect.NativeMethodAccessorImpl.invoke(NativeMethodAccessorImpl.java:64)
at java.base/jdk.internal.reflect.DelegatingMethodAccessorImpl.invoke(DelegatingMethodAccessorImpl.java:43)
at java.base/java.lang.reflect.Method.invoke(Method.java:564)
at org.testng.internal.invokers.MethodInvocationHelper.invokeMethod(MethodInvocationHelper.java:135)
at org.testng.internal.invokers.MethodInvocationHelper.invokeMethodConsideringTimeout(MethodInvocationHelper.java:65)
at org.testng.internal.invokers.ConfigInvoker.invokeConfigurationMethod(ConfigInvoker.java:381)
at org.testng.internal.invokers.ConfigInvoker.invokeConfigurations(ConfigInvoker.java:319)
at org.testng.internal.invokers.TestInvoker.runConfigMethods(TestInvoker.java:803)
at org.testng.internal.invokers.TestInvoker.invokeMethod(TestInvoker.java:589)
at org.testng.internal.invokers.TestInvoker.invokeTestMethod(TestInvoker.java:220)
at org.testng.internal.invokers.MethodRunner.runInSequence(MethodRunner.java:50)
at org.testng.internal.invokers.TestInvoker$MethodInvocationAgent.invoke(TestInvoker.java:945)
at org.testng.internal.invokers.TestInvoker.invokeTestMethods(TestInvoker.java:193)
at org.testng.internal.invokers.TestMethodWorker.invokeTestMethods(TestMethodWorker.java:146)
at org.testng.internal.invokers.TestMethodWorker.run(TestMethodWorker.java:128)
at java.base/java.util.ArrayList.forEach(ArrayList.java:1511)
at org.testng.TestRunner.privateRun(TestRunner.java:808)
at org.testng.TestRunner.run(TestRunner.java:603)
at org.testng.SuiteRunner.runTest(SuiteRunner.java:429)
at org.testng.SuiteRunner.access$000(SuiteRunner.java:32)
at org.testng.SuiteRunner$SuiteWorker.run(SuiteRunner.java:467)
at org.testng.internal.thread.ThreadUtil.lambda$execute$0(ThreadUtil.java:58)
at java.base/java.util.concurrent.FutureTask.run(FutureTask.java:264)
at java.base/java.util.concurrent.ThreadPoolExecutor.runWorker(ThreadPoolExecutor.java:1130)
at java.base/java.util.concurrent.ThreadPoolExecutor$Worker.run(ThreadPoolExecutor.java:630)
at java.base/java.lang.Thread.run(Thread.java:832)
]]>
    </error>
  </testcase> <!-- beforemethod -->
  <system-out/>
  <testcase classname="com.training.testcases.LoginTest" name="beforemethod" time="7.111">
    <error message="&#039;void org.openqa.selenium.support.PageFactory.initElements(org.openqa.selenium.WebDriver, java.lang.Object)&#039;" type="java.lang.NoSuchMethodError">
      <![CDATA[java.lang.NoSuchMethodError: 'void org.openqa.selenium.support.PageFactory.initElements(org.openqa.selenium.WebDriver, java.lang.Object)'
at com.training.base.BasePage.<init>(BasePage.java:17)
at com.training.pages.LoginPage.<init>(LoginPage.java:14)
at com.training.testcases.LoginTest.beforemethod(LoginTest.java:37)
at java.base/jdk.internal.reflect.NativeMethodAccessorImpl.invoke0(Native Method)
at java.base/jdk.internal.reflect.NativeMethodAccessorImpl.invoke(NativeMethodAccessorImpl.java:64)
at java.base/jdk.internal.reflect.DelegatingMethodAccessorImpl.invoke(DelegatingMethodAccessorImpl.java:43)
at java.base/java.lang.reflect.Method.invoke(Method.java:564)
at org.testng.internal.invokers.MethodInvocationHelper.invokeMethod(MethodInvocationHelper.java:135)
at org.testng.internal.invokers.MethodInvocationHelper.invokeMethodConsideringTimeout(MethodInvocationHelper.java:65)
at org.testng.internal.invokers.ConfigInvoker.invokeConfigurationMethod(ConfigInvoker.java:381)
at org.testng.internal.invokers.ConfigInvoker.invokeConfigurations(ConfigInvoker.java:319)
at org.testng.internal.invokers.TestInvoker.runConfigMethods(TestInvoker.java:803)
at org.testng.internal.invokers.TestInvoker.invokeMethod(TestInvoker.java:589)
at org.testng.internal.invokers.TestInvoker.invokeTestMethod(TestInvoker.java:220)
at org.testng.internal.invokers.MethodRunner.runInSequence(MethodRunner.java:50)
at org.testng.internal.invokers.TestInvoker$MethodInvocationAgent.invoke(TestInvoker.java:945)
at org.testng.internal.invokers.TestInvoker.invokeTestMethods(TestInvoker.java:193)
at org.testng.internal.invokers.TestMethodWorker.invokeTestMethods(TestMethodWorker.java:146)
at org.testng.internal.invokers.TestMethodWorker.run(TestMethodWorker.java:128)
at java.base/java.util.ArrayList.forEach(ArrayList.java:1511)
at org.testng.TestRunner.privateRun(TestRunner.java:808)
at org.testng.TestRunner.run(TestRunner.java:603)
at org.testng.SuiteRunner.runTest(SuiteRunner.java:429)
at org.testng.SuiteRunner.access$000(SuiteRunner.java:32)
at org.testng.SuiteRunner$SuiteWorker.run(SuiteRunner.java:467)
at org.testng.internal.thread.ThreadUtil.lambda$execute$0(ThreadUtil.java:58)
at java.base/java.util.concurrent.FutureTask.run(FutureTask.java:264)
at java.base/java.util.concurrent.ThreadPoolExecutor.runWorker(ThreadPoolExecutor.java:1130)
at java.base/java.util.concurrent.ThreadPoolExecutor$Worker.run(ThreadPoolExecutor.java:630)
at java.base/java.lang.Thread.run(Thread.java:832)
]]>
    </error>
  </testcase> <!-- beforemethod -->
  <system-out/>
</testsuite> <!-- com.training.testcases.LoginTest -->
