<?xml version="1.0" encoding="UTF-8"?>
<!-- Generated by org.testng.reporters.JUnitReportReporter -->
<testsuite hostname="Harneets-MBP" failures="0" tests="1" name="lightning.testcases.TaskTest" time="218.350" errors="0" timestamp="2024-05-29T18:14:22 EDT" skipped="0">
  <testcase classname="lightning.testcases.TaskTest" name="createTask" time="218.350"/>
  <system-out/>
</testsuite> <!-- lightning.testcases.TaskTest -->
