<?xml version="1.0" encoding="UTF-8"?>
<!-- Generated by org.testng.reporters.JUnitReportReporter -->
<testsuite hostname="Harneets-MacBook-Pro.local" failures="0" tests="1" name="com.training.testcases.UserMenuDropDownTest" time="24.125" errors="0" timestamp="2023-04-24T22:18:59 EDT" skipped="0">
  <testcase classname="com.training.testcases.UserMenuDropDownTest" name="usermenudropdown" time="24.125"/>
  <system-out/>
</testsuite> <!-- com.training.testcases.UserMenuDropDownTest -->
