<?xml version="1.0" encoding="UTF-8"?>
<!-- Generated by org.testng.reporters.JUnitReportReporter -->
<testsuite hostname="Harneets-MacBook-Pro.local" failures="0" tests="1" name="com.training.testcases.HomeTest" time="8.553" errors="0" timestamp="2023-03-17T00:37:20 EDT" skipped="0">
  <testcase classname="com.training.testcases.HomeTest" name="enterfirstname" time="8.553"/>
  <system-out/>
</testsuite> <!-- com.training.testcases.HomeTest -->
