<?xml version="1.0" encoding="UTF-8"?>
<!-- Generated by org.testng.reporters.JUnitReportReporter -->
<testsuite hostname="Harneets-MBP" failures="0" tests="1" name="lightning.testcases.AccountsTest" time="274.836" errors="0" timestamp="2024-05-29T17:37:29 EDT" skipped="0">
  <testcase classname="lightning.testcases.AccountsTest" name="createNewAccount" time="274.836"/>
  <system-out/>
</testsuite> <!-- lightning.testcases.AccountsTest -->
