<?xml version="1.0" encoding="UTF-8"?>
<!-- Generated by org.testng.reporters.JUnitReportReporter -->
<testsuite hostname="Harneets-MacBook-Pro.local" failures="0" tests="4" name="com.training.testcases.UserMenuMySettingsTest" time="113.282" errors="0" timestamp="2023-04-24T22:18:59 EDT" skipped="0">
  <testcase classname="com.training.testcases.UserMenuMySettingsTest" name="emailsettings" time="31.472"/>
  <system-out/>
  <testcase classname="com.training.testcases.UserMenuMySettingsTest" name="usermenusettings" time="33.669"/>
  <system-out/>
  <testcase classname="com.training.testcases.UserMenuMySettingsTest" name="validateDeveloperConsole" time="22.455"/>
  <system-out/>
  <testcase classname="com.training.testcases.UserMenuMySettingsTest" name="logoutValidation" time="25.686"/>
  <system-out/>
</testsuite> <!-- com.training.testcases.UserMenuMySettingsTest -->
