<?xml version="1.0" encoding="UTF-8"?>
<!-- Generated by org.testng.reporters.JUnitReportReporter -->
<testsuite hostname="Harneets-MBP" failures="0" tests="1" name="com.training.testcases.LoginTest" time="8.628" errors="0" timestamp="2024-07-17T21:40:55 EDT" skipped="0">
  <testcase classname="com.training.testcases.LoginTest" name="login" time="8.628"/>
  <system-out/>
</testsuite> <!-- com.training.testcases.LoginTest -->
