<?xml version="1.0" encoding="UTF-8"?>
<!-- Generated by org.testng.reporters.JUnitReportReporter -->
<testsuite hostname="Harneets-MacBook-Pro.local" failures="0" tests="1" name="lightning.testcases.LoginTest" time="38.697" errors="0" timestamp="2024-05-24T08:42:20 EDT" skipped="0">
  <testcase classname="lightning.testcases.LoginTest" name="loginSucess" time="38.697"/>
  <system-out/>
</testsuite> <!-- lightning.testcases.LoginTest -->
