<?xml version="1.0" encoding="UTF-8"?>
<!-- Generated by org.testng.reporters.JUnitReportReporter -->
<testsuite hostname="Harneets-MBP" failures="0" tests="2" name="com.training.testcases.LoginTest" time="12.685" errors="0" timestamp="2024-07-17T21:02:45 EDT" skipped="0">
  <testcase classname="com.training.testcases.LoginTest" name="login" time="4.559"/>
  <system-out/>
  <testcase classname="com.training.testcases.LoginTest" name="loginandclickonhometab" time="8.126"/>
  <system-out/>
</testsuite> <!-- com.training.testcases.LoginTest -->
