<?xml version="1.0" encoding="UTF-8"?>
<!-- Generated by org.testng.reporters.JUnitReportReporter -->
<testsuite hostname="Harneets-MacBook-Pro.local" failures="0" tests="2" name="com.training.testcases.LoginTest" time="19.024" errors="0" timestamp="2024-08-16T14:01:05 EDT" skipped="0">
  <testcase classname="com.training.testcases.LoginTest" name="loginandclickonhometab" time="10.346"/>
  <system-out/>
  <testcase classname="com.training.testcases.LoginTest" name="login" time="8.678"/>
  <system-out/>
</testsuite> <!-- com.training.testcases.LoginTest -->
