<?xml version="1.0" encoding="UTF-8"?>
<!-- Generated by org.testng.reporters.JUnitReportReporter -->
<testsuite hostname="Harneets-MacBook-Pro.local" failures="0" tests="1" name="com.training.testcases.SFDC_Test" time="90.219" errors="0" timestamp="2024-05-23T16:54:05 EDT" skipped="0">
  <testcase classname="com.training.testcases.SFDC_Test" name="loginSucess" time="90.219"/>
  <system-out/>
</testsuite> <!-- com.training.testcases.SFDC_Test -->
