<?xml version="1.0" encoding="UTF-8"?>
<!-- Generated by org.testng.reporters.JUnitReportReporter -->
<testsuite hostname="Harneets-MacBook-Pro.local" failures="0" tests="4" name="com.training.testcases.OpportunityTabTest" time="102.226" errors="0" timestamp="2023-04-24T22:18:59 EDT" skipped="0">
  <testcase classname="com.training.testcases.OpportunityTabTest" name="quarterlySummary" time="43.771"/>
  <system-out/>
  <testcase classname="com.training.testcases.OpportunityTabTest" name="opportunityDropDownValidate" time="27.003"/>
  <system-out/>
  <testcase classname="com.training.testcases.OpportunityTabTest" name="stuckOpportunityReport" time="26.324"/>
  <system-out/>
  <testcase classname="com.training.testcases.OpportunityTabTest" name="teardown" time="5.128"/>
  <system-out/>
</testsuite> <!-- com.training.testcases.OpportunityTabTest -->
