<?xml version="1.0" encoding="UTF-8"?>
<!-- Generated by org.testng.reporters.JUnitReportReporter -->
<testsuite hostname="Harneets-MacBook-Pro.local" failures="0" tests="1" name="lightning.testcases.ViewProfileTest" time="170.303" errors="0" timestamp="2024-05-23T22:48:48 EDT" skipped="0">
  <testcase classname="lightning.testcases.ViewProfileTest" name="clickOnProPic" time="170.303"/>
  <system-out/>
</testsuite> <!-- lightning.testcases.ViewProfileTest -->
