<?xml version="1.0" encoding="UTF-8"?>
<!-- Generated by org.testng.reporters.JUnitReportReporter -->
<testsuite hostname="Harneets-MacBook-Pro.local" failures="0" tests="1" name="com.training.testcases.SFDC_Test" time="23.249" errors="0" timestamp="2023-08-27T15:54:37 EDT" skipped="0">
  <testcase classname="com.training.testcases.SFDC_Test" name="loginSucess" time="23.249"/>
  <system-out/>
</testsuite> <!-- com.training.testcases.SFDC_Test -->
