<?xml version="1.0" encoding="UTF-8"?>
<!-- Generated by org.testng.reporters.JUnitReportReporter -->
<testsuite hostname="Harneets-MBP" failures="0" tests="4" name="com.training.testcases.LoginTest" time="32.378" errors="0" timestamp="2024-07-15T13:32:00 EDT" skipped="0">
  <testcase classname="com.training.testcases.LoginTest" name="loginandclickonhometab" time="4.627"/>
  <system-out/>
  <testcase classname="com.training.testcases.LoginTest" name="login" time="11.792"/>
  <system-out/>
  <testcase classname="com.training.testcases.LoginTest" name="loginandclickonhometab" time="7.916"/>
  <system-out/>
  <testcase classname="com.training.testcases.LoginTest" name="login" time="8.043"/>
  <system-out/>
</testsuite> <!-- com.training.testcases.LoginTest -->
