<?xml version="1.0" encoding="UTF-8"?>
<!-- Generated by org.testng.reporters.JUnitReportReporter -->
<testsuite hostname="Harneets-MacBook-Pro.local" failures="0" tests="4" name="com.training.testcases.LoginTest" time="30.923" errors="0" timestamp="2024-08-16T14:01:56 EDT" skipped="0">
  <testcase classname="com.training.testcases.LoginTest" name="login" time="6.164"/>
  <system-out/>
  <testcase classname="com.training.testcases.LoginTest" name="loginandclickonhometab" time="9.734"/>
  <system-out/>
  <testcase classname="com.training.testcases.LoginTest" name="loginandclickonhometab" time="5.600"/>
  <system-out/>
  <testcase classname="com.training.testcases.LoginTest" name="login" time="9.425"/>
  <system-out/>
</testsuite> <!-- com.training.testcases.LoginTest -->
