<?xml version="1.0" encoding="UTF-8"?>
<!-- Generated by org.testng.reporters.JUnitReportReporter -->
<testsuite hostname="Harneets-MacBook-Pro.local" failures="0" tests="4" name="com.training.testcases.LoginTest" time="28.019" errors="0" timestamp="2024-03-13T15:59:26 EDT" skipped="0">
  <testcase classname="com.training.testcases.LoginTest" name="loginandclickonhometab" time="6.076"/>
  <system-out/>
  <testcase classname="com.training.testcases.LoginTest" name="login" time="4.707"/>
  <system-out/>
  <testcase classname="com.training.testcases.LoginTest" name="login" time="7.963"/>
  <system-out/>
  <testcase classname="com.training.testcases.LoginTest" name="loginandclickonhometab" time="9.273"/>
  <system-out/>
</testsuite> <!-- com.training.testcases.LoginTest -->
