<?xml version="1.0" encoding="UTF-8"?>
<!-- Generated by org.testng.reporters.JUnitReportReporter -->
<testsuite hostname="Harneets-MacBook-Pro.local" failures="0" tests="4" name="com.training.testcases.LoginTest" time="74.394" errors="0" timestamp="2024-04-12T11:24:26 EDT" skipped="0">
  <testcase classname="com.training.testcases.LoginTest" name="login" time="5.862"/>
  <system-out/>
  <testcase classname="com.training.testcases.LoginTest" name="loginandclickonhometab" time="23.954"/>
  <system-out/>
  <testcase classname="com.training.testcases.LoginTest" name="login" time="7.382"/>
  <system-out/>
  <testcase classname="com.training.testcases.LoginTest" name="loginandclickonhometab" time="37.196"/>
  <system-out/>
</testsuite> <!-- com.training.testcases.LoginTest -->
