<?xml version="1.0" encoding="UTF-8"?>
<!-- Generated by org.testng.reporters.JUnitReportReporter -->
<testsuite hostname="Harneets-MBP" failures="0" tests="4" name="com.training.testcases.LoginTest" time="31.114" errors="0" timestamp="2024-07-17T21:42:24 EDT" skipped="0">
  <testcase classname="com.training.testcases.LoginTest" name="loginandclickonhometab" time="6.147"/>
  <system-out/>
  <testcase classname="com.training.testcases.LoginTest" name="login" time="12.328"/>
  <system-out/>
  <testcase classname="com.training.testcases.LoginTest" name="loginandclickonhometab" time="7.844"/>
  <system-out/>
  <testcase classname="com.training.testcases.LoginTest" name="login" time="4.795"/>
  <system-out/>
</testsuite> <!-- com.training.testcases.LoginTest -->
