<?xml version="1.0" encoding="UTF-8"?>
<!-- Generated by org.testng.reporters.JUnitReportReporter -->
<testsuite hostname="Harneets-MBP" failures="0" tests="4" name="com.training.testcases.LoginTest" time="12.751" errors="0" timestamp="2024-07-11T15:36:01 EDT" skipped="0">
  <testcase classname="com.training.testcases.LoginTest" name="loginandclickonhometab" time="2.892"/>
  <system-out/>
  <testcase classname="com.training.testcases.LoginTest" name="login" time="4.316"/>
  <system-out/>
  <testcase classname="com.training.testcases.LoginTest" name="loginandclickonhometab" time="3.781"/>
  <system-out/>
  <testcase classname="com.training.testcases.LoginTest" name="login" time="1.762"/>
  <system-out/>
</testsuite> <!-- com.training.testcases.LoginTest -->
